\BOOKMARK [0][-]{chapter*.1}{Prefacio}{}% 1
\BOOKMARK [0][-]{chapter.1}{1. N\372meros Enteros}{}% 2
\BOOKMARK [1][-]{section.1.1}{Aritm\351tica}{chapter.1}% 3
\BOOKMARK [1][-]{section.1.2}{Ordenando los enteros}{chapter.1}% 4
\BOOKMARK [1][-]{section.1.3}{Definiciones recursivas}{chapter.1}% 5
\BOOKMARK [1][-]{section.1.4}{El principio de inducci\363n}{chapter.1}% 6
\BOOKMARK [0][-]{chapter.2}{2. Conteo}{}% 7
\BOOKMARK [1][-]{section.2.1}{Principios b\341sicos}{chapter.2}% 8
\BOOKMARK [1][-]{section.2.2}{Selecciones ordenadas con repetici\363n}{chapter.2}% 9
\BOOKMARK [1][-]{section.2.3}{Selecciones ordenadas sin repetici\363n}{chapter.2}% 10
\BOOKMARK [1][-]{section.2.4}{Selecciones sin orden}{chapter.2}% 11
\BOOKMARK [1][-]{section.2.5}{El teorema del binomio}{chapter.2}% 12
\BOOKMARK [1][-]{section.2.6}{Ejercicios}{chapter.2}% 13
\BOOKMARK [0][-]{chapter.3}{3. Divisibilidad}{}% 14
\BOOKMARK [1][-]{section.3.1}{Cociente y resto}{chapter.3}% 15
\BOOKMARK [1][-]{section.3.2}{Divisibilidad}{chapter.3}% 16
\BOOKMARK [1][-]{section.3.3}{El m\341ximo com\372n divisor y el m\355nimo com\372n m\372ltiplo}{chapter.3}% 17
\BOOKMARK [1][-]{section.3.4}{Factorizaci\363n en primos}{chapter.3}% 18
\BOOKMARK [1][-]{section.3.5}{Ejercicios}{chapter.3}% 19
\BOOKMARK [0][-]{chapter.4}{4. Aritm\351tica Modular}{}% 20
\BOOKMARK [1][-]{section.4.1}{Congruencias}{chapter.4}% 21
\BOOKMARK [1][-]{section.4.2}{Ecuaci\363n lineal de congruencia}{chapter.4}% 22
\BOOKMARK [1][-]{section.4.3}{Teorema de Fermat}{chapter.4}% 23
\BOOKMARK [1][-]{section.4.4}{El criptosistema RSA \(*\)}{chapter.4}% 24
\BOOKMARK [1][-]{section.4.5}{Ejercicios}{chapter.4}% 25
\BOOKMARK [0][-]{chapter.5}{5. Grafos}{}% 26
\BOOKMARK [1][-]{section.5.1}{Grafos y sus representaciones}{chapter.5}% 27
\BOOKMARK [1][-]{section.5.2}{Isomorfismo de grafos}{chapter.5}% 28
\BOOKMARK [1][-]{section.5.3}{Valencias}{chapter.5}% 29
\BOOKMARK [1][-]{section.5.4}{Caminos y ciclos}{chapter.5}% 30
\BOOKMARK [1][-]{section.5.5}{\301rboles}{chapter.5}% 31
\BOOKMARK [1][-]{section.5.6}{Coloreando los v\351rtices de un grafo}{chapter.5}% 32
\BOOKMARK [1][-]{section.5.7}{El algoritmo greedy para coloraci\363n de v\351rtices}{chapter.5}% 33
\BOOKMARK [1][-]{section.5.8}{Ejercicios}{chapter.5}% 34
\BOOKMARK [0][-]{chapter.6}{6. \301rboles \(*\)}{}% 35
\BOOKMARK [1][-]{section.6.1}{Contando las hojas de un \341rbol con ra\355z}{chapter.6}% 36
\BOOKMARK [1][-]{section.6.2}{\301rboles expandidos y el problema MST}{chapter.6}% 37
\BOOKMARK [1][-]{section.6.3}{Ejercicios}{chapter.6}% 38
\BOOKMARK [0][-]{appendix.A}{A. Permutaciones}{}% 39
\BOOKMARK [1][-]{section.A.1}{Permutaciones}{appendix.A}% 40
\BOOKMARK [0][-]{appendix.B}{B. El principio del tamiz}{}% 41
\BOOKMARK [1][-]{section.B.1}{El principio del tamiz}{appendix.B}% 42
\BOOKMARK [0][-]{appendix.C}{C. La funci\363n de Euler}{}% 43
\BOOKMARK [1][-]{section.C.1}{La funci\363n de Euler}{appendix.C}% 44
\BOOKMARK [1][-]{section.C.2}{Una aplicaci\363n aritm\351tica del principio del tamiz}{appendix.C}% 45
\BOOKMARK [0][-]{appendix.D}{D. Grafos planares}{}% 46
\BOOKMARK [1][-]{section.D.1}{Grafos planares}{appendix.D}% 47
\BOOKMARK [1][-]{section.D.2}{El problema del agua-luz-gas}{appendix.D}% 48
\BOOKMARK [1][-]{section.D.3}{El teorema de los cuatro colores}{appendix.D}% 49
